<?xml version="1.0" encoding="UTF-8"?>
<!-- Generated by org.testng.reporters.JUnitReportReporter -->
<testsuite hostname="Karthiks-MacBook-Pro.local" failures="0" tests="1" name="com.ap.tests.LoginTest" time="9.551" errors="0" timestamp="2022-03-05T16:55:42 GMT" skipped="0">
  <testcase classname="com.ap.tests.LoginTest" name="verifyEmptyLogin" time="9.551"/>
  <system-out/>
</testsuite> <!-- com.ap.tests.LoginTest -->
