<?xml version="1.0" encoding="UTF-8"?>
<!-- Generated by org.testng.reporters.JUnitReportReporter -->
<testsuite hostname="Karthiks-MacBook-Pro.local" failures="0" tests="4" name="com.ap.tests.LoginTest" time="46.383" errors="0" timestamp="2022-03-11T13:35:33 GMT" skipped="0">
  <testcase classname="com.ap.tests.LoginTest" name="verifyValidLogin" time="11.404"/>
  <system-out/>
  <testcase classname="com.ap.tests.LoginTest" name="verifyInvalidLogin" time="9.884"/>
  <system-out/>
  <testcase classname="com.ap.tests.LoginTest" name="verifyEmptyLogin" time="16.718"/>
  <system-out/>
  <testcase classname="com.ap.tests.LoginTest" name="verifyForgotPasswordPageNavigation" time="8.377"/>
  <system-out/>
</testsuite> <!-- com.ap.tests.LoginTest -->
