<?xml version="1.0" encoding="UTF-8"?>
<!-- Generated by org.testng.reporters.JUnitReportReporter -->
<testsuite hostname="Karthiks-MacBook-Pro.local" failures="0" tests="4" name="com.ap.tests.LoginTest" time="30.611" errors="0" timestamp="2022-03-05T16:14:50 GMT" skipped="0">
  <testcase classname="com.ap.tests.LoginTest" name="verifyValidLogin" time="8.006"/>
  <system-out/>
  <testcase classname="com.ap.tests.LoginTest" name="verifyInvalidLogin" time="9.308"/>
  <system-out/>
  <testcase classname="com.ap.tests.LoginTest" name="verifyEmptyLogin" time="9.659"/>
  <system-out/>
  <testcase classname="com.ap.tests.LoginTest" name="verifyForgotPasswordPageNavigation" time="3.638"/>
  <system-out/>
</testsuite> <!-- com.ap.tests.LoginTest -->
